-------------------------------------------------------------------------------
Test set: com.baoSight.service.caseAutoRunner.protocol.OPCUA.Opcua01StartTest
-------------------------------------------------------------------------------
Tests run: 1, Failures: 0, Errors: 1, Skipped: 0, Time elapsed: 28.06 s <<< FAILURE! -- in com.baoSight.service.caseAutoRunner.protocol.OPCUA.Opcua01StartTest
com.baoSight.service.caseAutoRunner.protocol.OPCUA.Opcua01StartTest.runOpcua01Start -- Time elapsed: 28.06 s <<< ERROR!
org.openqa.selenium.NoSuchSessionException: 
invalid session id: session deleted as the browser has closed the connection
from disconnected: unable to send message to renderer
  (Session info: chrome=153.0.8010.52)
Build info: version: '4.49.0', revision: 'bedb24f bedb24f6f703876e7e4c5d506f0d697eb358c720'
System info: os.name: 'Windows 11', os.arch: 'amd64', os.version: '10.0', java.version: '21.0.8'
Driver info: org.openqa.selenium.chrome.ChromeDriver
Command: [fb5ea8bafef6985906d0598f3cf12256, findElement {using=xpath, value=/html/body/div[7]/div/div[2]/div/label[1]/div[2]/input}]
Capabilities {acceptInsecureCerts: false, browserName: chrome, browserVersion: 153.0.8010.52, chrome: {chromedriverVersion: 153.0.8010.52 (78e5e45d4bb4..., userDataDir: C:\Users\fenchen\AppData\Lo...}, fedcm:accounts: true, goog:chromeOptions: {debuggerAddress: localhost:62177}, goog:processID: 48680, networkConnectionEnabled: false, pageLoadStrategy: normal, platformName: windows, proxy: Proxy(), se:cdp: ws://localhost:62177/devtoo..., se:cdpVersion: 153.0.8010.52, setWindowRect: true, strictFileInteractability: false, timeouts: {implicit: 0, pageLoad: 300000, script: 30000}, unhandledPromptBehavior: dismiss and notify, webauthn:extension:cmtgKey: true, webauthn:extension:credBlob: true, webauthn:extension:largeBlob: true, webauthn:extension:minPinLength: true, webauthn:extension:prf: true, webauthn:virtualAuthenticators: true}
Session ID: fb5ea8bafef6985906d0598f3cf12256
	at org.openqa.selenium.remote.ErrorCodec.decode(ErrorCodec.java:169)
	at org.openqa.selenium.remote.codec.w3c.W3CHttpResponseCodec.decode(W3CHttpResponseCodec.java:143)
	at org.openqa.selenium.remote.codec.w3c.W3CHttpResponseCodec.decode(W3CHttpResponseCodec.java:50)
	at org.openqa.selenium.remote.HttpCommandExecutor.execute(HttpCommandExecutor.java:196)
	at org.openqa.selenium.remote.service.DriverCommandExecutor.invokeExecute(DriverCommandExecutor.java:217)
	at org.openqa.selenium.remote.service.DriverCommandExecutor.execute(DriverCommandExecutor.java:175)
	at org.openqa.selenium.remote.RemoteWebDriver.execute(RemoteWebDriver.java:653)
	at org.openqa.selenium.remote.ElementLocation$ElementFinder$2.findElement(ElementLocation.java:173)
	at org.openqa.selenium.remote.ElementLocation.findElement(ElementLocation.java:60)
	at org.openqa.selenium.remote.RemoteWebDriver.findElement(RemoteWebDriver.java:417)
	at org.openqa.selenium.remote.RemoteWebDriver.findElement(RemoteWebDriver.java:411)
	at com.baoSight.service.caseAutoRunner.protocol.atomManipulation.initialization(atomManipulation.java:35)
	at com.baoSight.service.caseAutoRunner.protocol.OPCUA.opcua_01.executeCase(opcua_01.java:17)
	at com.baoSight.service.caseAutoRunner.protocol.AbstractBrowserCase.start(AbstractBrowserCase.java:36)
	at com.baoSight.service.caseAutoRunner.protocol.OPCUA.Opcua01StartTest.runOpcua01Start(Opcua01StartTest.java:19)
	at java.base/java.lang.reflect.Method.invoke(Method.java:580)
	at java.base/java.util.ArrayList.forEach(ArrayList.java:1596)
	at java.base/java.util.ArrayList.forEach(ArrayList.java:1596)

